[2017-04-08 01:09:42] requirements_debian_update_system
requirements_debian_update_system () 
{ 
    __rvm_try_sudo apt-get --quiet --yes update || { 
        \typeset __ret=$?;
        case ${__ret} in 
            100)
                rvm_error "There has been error while updating 'apt-get', please give it some time and try again later.
404 errors should be fixed for rvm to proceed. Check your sources configured in:
    /etc/apt/sources.list
    /etc/apt/sources.list.d/*.list
"
            ;;
        esac;
        return ${__ret}
    }
}
current path: /home/l0nglive
PATH=/usr/local/bin:/usr/bin:/bin:/usr/local/games:/usr/games:/home/l0nglive/.rvm/bin
command(2): requirements_debian_update_system 
+ __rvm_try_sudo apt-get --quiet --yes update
+ typeset -a command_to_run
+ typeset sudo_path sbin_path missing_paths
+ command_to_run=("$@")
+ ((  UID == 0  ))
+ case "$rvm_autolibs_flag_number" in
+ is_a_function __rvm_sudo
+ typeset -f __rvm_sudo
+ missing_paths=
+ for sbin_path in /sbin /usr/sbin /usr/local/sbin
+ [[ -d /sbin ]]
+ [[ :/usr/local/bin:/usr/bin:/bin:/usr/local/games:/usr/games:/home/l0nglive/.rvm/bin: != *\:\/\s\b\i\n\:* ]]
+ missing_paths+=:/sbin
+ for sbin_path in /sbin /usr/sbin /usr/local/sbin
+ [[ -d /usr/sbin ]]
+ [[ :/usr/local/bin:/usr/bin:/bin:/usr/local/games:/usr/games:/home/l0nglive/.rvm/bin: != *\:\/\u\s\r\/\s\b\i\n\:* ]]
+ missing_paths+=:/usr/sbin
+ for sbin_path in /sbin /usr/sbin /usr/local/sbin
+ [[ -d /usr/local/sbin ]]
+ [[ :/usr/local/bin:/usr/bin:/bin:/usr/local/games:/usr/games:/home/l0nglive/.rvm/bin: != *\:\/\u\s\r\/\l\o\c\a\l\/\s\b\i\n\:* ]]
+ missing_paths+=:/usr/local/sbin
+ [[ -n :/sbin:/usr/sbin:/usr/local/sbin ]]
+ command_to_run=(/usr/bin/env PATH="${PATH}${missing_paths}" "${command_to_run[@]}")
+ command_to_run=(__rvm_sudo -p "%p password required for '$*': " "${command_to_run[@]}")
+ __rvm_sudo -p '%p password required for '\''apt-get --quiet --yes update'\'': ' /usr/bin/env PATH=/usr/local/bin:/usr/bin:/bin:/usr/local/games:/usr/games:/home/l0nglive/.rvm/bin:/sbin:/usr/sbin:/usr/local/sbin apt-get --quiet --yes update
+ command sudo -p '%p password required for '\''apt-get --quiet --yes update'\'': ' /usr/bin/env PATH=/usr/local/bin:/usr/bin:/bin:/usr/local/games:/usr/games:/home/l0nglive/.rvm/bin:/sbin:/usr/sbin:/usr/local/sbin apt-get --quiet --yes update
+ sudo -p '%p password required for '\''apt-get --quiet --yes update'\'': ' /usr/bin/env PATH=/usr/local/bin:/usr/bin:/bin:/usr/local/games:/usr/games:/home/l0nglive/.rvm/bin:/sbin:/usr/sbin:/usr/local/sbin apt-get --quiet --yes update
sudo: unable to resolve host DESKTOP-151G3L1
Ign http://archive.ubuntu.com trusty InRelease
Hit http://security.ubuntu.com trusty-security InRelease
Get:1 http://archive.ubuntu.com trusty-updates InRelease [65.9 kB]
Hit http://security.ubuntu.com trusty-security/main amd64 Packages
Hit http://security.ubuntu.com trusty-security/restricted amd64 Packages
Hit http://security.ubuntu.com trusty-security/universe amd64 Packages
Hit http://archive.ubuntu.com trusty-backports InRelease
Hit http://security.ubuntu.com trusty-security/multiverse amd64 Packages
Hit http://archive.ubuntu.com trusty Release.gpg
Hit http://security.ubuntu.com trusty-security/main Translation-en
Get:2 http://archive.ubuntu.com trusty-updates/main amd64 Packages [972 kB]
Hit http://security.ubuntu.com trusty-security/multiverse Translation-en
Hit http://security.ubuntu.com trusty-security/restricted Translation-en
Hit http://security.ubuntu.com trusty-security/universe Translation-en
Get:3 http://archive.ubuntu.com trusty-updates/restricted amd64 Packages [17.1 kB]
Get:4 http://archive.ubuntu.com trusty-updates/universe amd64 Packages [402 kB]
Get:5 http://archive.ubuntu.com trusty-updates/multiverse amd64 Packages [14.3 kB]
Hit http://archive.ubuntu.com trusty-updates/main Translation-en
Hit http://archive.ubuntu.com trusty-updates/multiverse Translation-en
Hit http://archive.ubuntu.com trusty-updates/restricted Translation-en
Hit http://archive.ubuntu.com trusty-updates/universe Translation-en
Hit http://archive.ubuntu.com trusty-backports/main amd64 Packages
Hit http://archive.ubuntu.com trusty-backports/restricted amd64 Packages
Hit http://archive.ubuntu.com trusty-backports/universe amd64 Packages
Hit http://archive.ubuntu.com trusty-backports/multiverse amd64 Packages
Hit http://archive.ubuntu.com trusty-backports/main Translation-en
Hit http://archive.ubuntu.com trusty-backports/multiverse Translation-en
Hit http://archive.ubuntu.com trusty-backports/restricted Translation-en
Hit http://archive.ubuntu.com trusty-backports/universe Translation-en
Hit http://archive.ubuntu.com trusty Release
Hit http://archive.ubuntu.com trusty/main amd64 Packages
Hit http://archive.ubuntu.com trusty/restricted amd64 Packages
Hit http://archive.ubuntu.com trusty/universe amd64 Packages
Hit http://archive.ubuntu.com trusty/multiverse amd64 Packages
Hit http://archive.ubuntu.com trusty/main Translation-en_AU
Hit http://archive.ubuntu.com trusty/main Translation-en
Hit http://archive.ubuntu.com trusty/multiverse Translation-en_AU
Hit http://archive.ubuntu.com trusty/multiverse Translation-en
Hit http://archive.ubuntu.com trusty/restricted Translation-en_AU
Hit http://archive.ubuntu.com trusty/restricted Translation-en
Hit http://archive.ubuntu.com trusty/universe Translation-en_AU
Hit http://archive.ubuntu.com trusty/universe Translation-en
Fetched 1,471 kB in 18s (77.8 kB/s)
Reading package lists...
